2026-07-04T02:00:00.754Z INFO  api-gw request completed status=200 latency_ms=15
2026-07-04T02:00:01.859Z INFO  auth-svc request completed status=200 latency_ms=43
2026-07-04T02:00:02.328Z INFO  payment-svc request completed status=200 latency_ms=25
2026-07-04T02:00:03.792Z INFO  api-gw request completed status=200 latency_ms=87
2026-07-04T02:00:04.532Z INFO  api-gw request completed status=200 latency_ms=15
2026-07-04T02:00:05.195Z INFO  payment-svc request completed status=200 latency_ms=41
2026-07-04T02:00:06.617Z INFO  api-gw request completed status=200 latency_ms=83
2026-07-04T02:00:07.303Z INFO  orders-svc request completed status=200 latency_ms=40
2026-07-04T02:00:08.559Z INFO  auth-svc request completed status=200 latency_ms=12
2026-07-04T02:00:09.877Z INFO  payment-svc request completed status=200 latency_ms=66
2026-07-04T02:00:10.448Z INFO  auth-svc request completed status=200 latency_ms=31
2026-07-04T02:00:11.320Z INFO  auth-svc request completed status=200 latency_ms=25
2026-07-04T02:00:12.194Z INFO  orders-svc request completed status=200 latency_ms=24
2026-07-04T02:00:13.467Z INFO  auth-svc request completed status=200 latency_ms=89
2026-07-04T02:00:14.370Z INFO  api-gw request completed status=200 latency_ms=70
2026-07-04T02:00:15.649Z INFO  api-gw request completed status=200 latency_ms=60
2026-07-04T02:00:16.180Z INFO  auth-svc request completed status=200 latency_ms=58
2026-07-04T02:00:17.691Z INFO  payment-svc request completed status=200 latency_ms=20
2026-07-04T02:00:18.146Z INFO  payment-svc request completed status=200 latency_ms=49
2026-07-04T02:00:19.181Z INFO  payment-svc request completed status=200 latency_ms=24
2026-07-04T02:00:20.489Z INFO  auth-svc request completed status=200 latency_ms=70
2026-07-04T02:00:21.750Z INFO  auth-svc request completed status=200 latency_ms=32
2026-07-04T02:00:22.479Z INFO  auth-svc request completed status=200 latency_ms=38
2026-07-04T02:00:23.786Z INFO  auth-svc request completed status=200 latency_ms=21
2026-07-04T02:00:24.723Z INFO  payment-svc request completed status=200 latency_ms=80
2026-07-04T02:00:25.846Z INFO  payment-svc request completed status=200 latency_ms=32
2026-07-04T02:00:26.573Z INFO  orders-svc request completed status=200 latency_ms=46
2026-07-04T02:00:27.755Z INFO  payment-svc request completed status=200 latency_ms=53
2026-07-04T02:00:28.963Z INFO  api-gw request completed status=200 latency_ms=41
2026-07-04T02:00:29.941Z INFO  api-gw request completed status=200 latency_ms=52
2026-07-04T02:00:30.510Z INFO  auth-svc request completed status=200 latency_ms=20
2026-07-04T02:00:31.316Z INFO  auth-svc request completed status=200 latency_ms=39
2026-07-04T02:00:32.771Z INFO  orders-svc request completed status=200 latency_ms=62
2026-07-04T02:00:33.758Z INFO  orders-svc request completed status=200 latency_ms=30
2026-07-04T02:00:34.371Z INFO  payment-svc request completed status=200 latency_ms=43
2026-07-04T02:00:35.862Z INFO  auth-svc request completed status=200 latency_ms=86
2026-07-04T02:00:36.538Z INFO  orders-svc request completed status=200 latency_ms=58
2026-07-04T02:00:37.324Z INFO  payment-svc request completed status=200 latency_ms=77
2026-07-04T02:00:38.605Z INFO  api-gw request completed status=200 latency_ms=18
2026-07-04T02:00:39.981Z INFO  api-gw request completed status=200 latency_ms=31
2026-07-04T02:00:40.742Z INFO  payment-svc request completed status=200 latency_ms=66
2026-07-04T02:00:41.710Z INFO  api-gw request completed status=200 latency_ms=61
2026-07-04T02:00:42.490Z INFO  orders-svc request completed status=200 latency_ms=79
2026-07-04T02:00:43.357Z INFO  api-gw request completed status=200 latency_ms=26
2026-07-04T02:00:44.798Z INFO  auth-svc request completed status=200 latency_ms=55
2026-07-04T02:00:45.214Z INFO  auth-svc request completed status=200 latency_ms=67
2026-07-04T02:00:46.261Z INFO  orders-svc request completed status=200 latency_ms=12
2026-07-04T02:00:47.839Z INFO  auth-svc request completed status=200 latency_ms=76
2026-07-04T02:00:48.880Z INFO  payment-svc request completed status=200 latency_ms=76
2026-07-04T02:00:49.208Z INFO  auth-svc request completed status=200 latency_ms=76
2026-07-04T02:00:50.723Z INFO  payment-svc request completed status=200 latency_ms=31
2026-07-04T02:00:51.482Z INFO  payment-svc request completed status=200 latency_ms=81
2026-07-04T02:00:52.897Z INFO  api-gw request completed status=200 latency_ms=88
2026-07-04T02:00:53.431Z INFO  orders-svc request completed status=200 latency_ms=14
2026-07-04T02:00:54.214Z INFO  auth-svc request completed status=200 latency_ms=51
2026-07-04T02:00:55.345Z INFO  api-gw request completed status=200 latency_ms=42
2026-07-04T02:00:56.999Z INFO  api-gw request completed status=200 latency_ms=22
2026-07-04T02:00:57.849Z INFO  orders-svc request completed status=200 latency_ms=20
2026-07-04T02:00:58.878Z INFO  payment-svc request completed status=200 latency_ms=28
2026-07-04T02:00:59.775Z INFO  orders-svc request completed status=200 latency_ms=82
2026-07-04T02:01:02.269Z WARN  api-gw config: option 'worker_connections_legacy' is deprecated and will be removed in v3.0
2026-07-04T02:02:10.371Z ERROR auth-svc tls handshake failed: x509: certificate has expired or is not yet valid (notAfter=2026-07-04T02:00:00Z)
2026-07-04T02:02:11.640Z ERROR auth-svc tls handshake failed: x509: certificate has expired or is not yet valid (notAfter=2026-07-04T02:00:00Z)
2026-07-04T02:02:14.993Z ERROR auth-svc tls handshake failed: x509: certificate has expired or is not yet valid (notAfter=2026-07-04T02:00:00Z)
2026-07-04T02:03:20.721Z ERROR api-gw upstream prematurely closed connection while reading response header -> 502 Bad Gateway (upstream=orders-svc)
2026-07-04T02:03:22.533Z ERROR api-gw upstream prematurely closed connection while reading response header -> 502 Bad Gateway (upstream=orders-svc)
2026-07-04T02:03:24.316Z ERROR api-gw upstream prematurely closed connection while reading response header -> 502 Bad Gateway (upstream=orders-svc)
2026-07-04T02:03:26.652Z ERROR api-gw upstream prematurely closed connection while reading response header -> 502 Bad Gateway (upstream=orders-svc)
2026-07-04T02:03:28.873Z ERROR api-gw upstream prematurely closed connection while reading response header -> 502 Bad Gateway (upstream=orders-svc)
2026-07-04T02:03:30.847Z ERROR api-gw upstream prematurely closed connection while reading response header -> 502 Bad Gateway (upstream=orders-svc)
2026-07-04T02:01:50.780Z DEBUG payment-svc using api key AKIAIOSFODNN7EXAMPLE for s3 upload, contact ops@example.com
2026-07-04T02:03:32.806Z ERROR api-gw upstream prematurely closed connection while reading response header -> 502 Bad Gateway (upstream=orders-svc)
2026-07-04T02:03:34.305Z ERROR api-gw upstream prematurely closed connection while reading response header -> 502 Bad Gateway (upstream=orders-svc)
2026-07-04T02:03:36.830Z ERROR api-gw upstream prematurely closed connection while reading response header -> 502 Bad Gateway (upstream=orders-svc)
2026-07-04T02:03:38.419Z ERROR api-gw upstream prematurely closed connection while reading response header -> 502 Bad Gateway (upstream=orders-svc)
2026-07-04T02:04:00.508Z ERROR payment-svc db: connection to postgres-primary:5432 refused (ECONNREFUSED) retry=3
2026-07-04T02:04:03.548Z ERROR payment-svc db: connection to postgres-primary:5432 refused (ECONNREFUSED) retry=5
2026-07-04T02:04:06.562Z ERROR payment-svc db: connection to postgres-primary:5432 refused (ECONNREFUSED) retry=1
2026-07-04T02:04:09.353Z ERROR payment-svc db: connection to postgres-primary:5432 refused (ECONNREFUSED) retry=2
2026-07-04T02:04:12.165Z ERROR payment-svc db: connection to postgres-primary:5432 refused (ECONNREFUSED) retry=3
2026-07-04T02:04:15.121Z ERROR payment-svc db: connection to postgres-primary:5432 refused (ECONNREFUSED) retry=5
2026-07-04T02:04:18.667Z ERROR payment-svc db: connection to postgres-primary:5432 refused (ECONNREFUSED) retry=2
2026-07-04T02:04:21.702Z ERROR payment-svc db: connection to postgres-primary:5432 refused (ECONNREFUSED) retry=2
2026-07-04T02:04:24.107Z ERROR payment-svc db: connection to postgres-primary:5432 refused (ECONNREFUSED) retry=1
2026-07-04T02:04:27.824Z ERROR payment-svc db: connection to postgres-primary:5432 refused (ECONNREFUSED) retry=1
2026-07-04T02:04:30.334Z ERROR payment-svc db: connection to postgres-primary:5432 refused (ECONNREFUSED) retry=1
2026-07-04T02:04:33.132Z ERROR payment-svc db: connection to postgres-primary:5432 refused (ECONNREFUSED) retry=3
2026-07-04T02:04:36.172Z ERROR payment-svc db: connection to postgres-primary:5432 refused (ECONNREFUSED) retry=5
2026-07-04T02:04:39.343Z ERROR payment-svc db: connection to postgres-primary:5432 refused (ECONNREFUSED) retry=3
2026-07-04T02:04:42.785Z ERROR payment-svc db: connection to postgres-primary:5432 refused (ECONNREFUSED) retry=4
2026-07-04T02:04:45.319Z ERROR payment-svc db: connection to postgres-primary:5432 refused (ECONNREFUSED) retry=5
2026-07-04T02:04:48.235Z ERROR payment-svc db: connection to postgres-primary:5432 refused (ECONNREFUSED) retry=5
2026-07-04T02:04:51.690Z ERROR payment-svc db: connection to postgres-primary:5432 refused (ECONNREFUSED) retry=4
2026-07-04T02:04:54.348Z ERROR payment-svc db: connection to postgres-primary:5432 refused (ECONNREFUSED) retry=4
2026-07-04T02:04:57.926Z ERROR payment-svc db: connection to postgres-primary:5432 refused (ECONNREFUSED) retry=4
2026-07-04T02:05:00.294Z ERROR payment-svc db: connection to postgres-primary:5432 refused (ECONNREFUSED) retry=1
2026-07-04T02:05:01.199Z ERROR payment-svc db: connection to postgres-primary:5432 refused (ECONNREFUSED) retry=4
2026-07-04T02:05:02.462Z ERROR payment-svc db: connection to postgres-primary:5432 refused (ECONNREFUSED) retry=4
2026-07-04T02:05:03.520Z ERROR payment-svc db: connection to postgres-primary:5432 refused (ECONNREFUSED) retry=4
2026-07-04T02:05:04.984Z ERROR payment-svc db: connection to postgres-primary:5432 refused (ECONNREFUSED) retry=1
2026-07-04T02:05:05.789Z ERROR payment-svc db: connection to postgres-primary:5432 refused (ECONNREFUSED) retry=1
2026-07-04T02:05:06.162Z ERROR payment-svc db: connection to postgres-primary:5432 refused (ECONNREFUSED) retry=4
2026-07-04T02:05:07.845Z ERROR payment-svc db: connection to postgres-primary:5432 refused (ECONNREFUSED) retry=3
2026-07-04T02:05:08.919Z ERROR payment-svc db: connection to postgres-primary:5432 refused (ECONNREFUSED) retry=1
2026-07-04T02:05:09.354Z ERROR payment-svc db: connection to postgres-primary:5432 refused (ECONNREFUSED) retry=2
2026-07-04T02:05:10.294Z ERROR payment-svc db: connection to postgres-primary:5432 refused (ECONNREFUSED) retry=5
2026-07-04T02:05:11.559Z ERROR payment-svc db: connection to postgres-primary:5432 refused (ECONNREFUSED) retry=2
2026-07-04T02:05:12.532Z ERROR payment-svc db: connection to postgres-primary:5432 refused (ECONNREFUSED) retry=2
2026-07-04T02:05:13.385Z ERROR payment-svc db: connection to postgres-primary:5432 refused (ECONNREFUSED) retry=4
2026-07-04T02:05:14.355Z ERROR payment-svc db: connection to postgres-primary:5432 refused (ECONNREFUSED) retry=1
2026-07-04T02:05:15.553Z ERROR payment-svc db: connection to postgres-primary:5432 refused (ECONNREFUSED) retry=5
2026-07-04T02:05:16.200Z ERROR payment-svc db: connection to postgres-primary:5432 refused (ECONNREFUSED) retry=1
2026-07-04T02:05:17.767Z ERROR payment-svc db: connection to postgres-primary:5432 refused (ECONNREFUSED) retry=5
2026-07-04T02:05:18.956Z ERROR payment-svc db: connection to postgres-primary:5432 refused (ECONNREFUSED) retry=1
2026-07-04T02:05:19.195Z ERROR payment-svc db: connection to postgres-primary:5432 refused (ECONNREFUSED) retry=2
2026-07-04T02:05:20.270Z ERROR payment-svc db: connection to postgres-primary:5432 refused (ECONNREFUSED) retry=4
2026-07-04T02:05:21.597Z ERROR payment-svc db: connection to postgres-primary:5432 refused (ECONNREFUSED) retry=4
2026-07-04T02:05:22.318Z ERROR payment-svc db: connection to postgres-primary:5432 refused (ECONNREFUSED) retry=4
2026-07-04T02:05:23.160Z ERROR payment-svc db: connection to postgres-primary:5432 refused (ECONNREFUSED) retry=2
2026-07-04T02:05:24.488Z ERROR payment-svc db: connection to postgres-primary:5432 refused (ECONNREFUSED) retry=1
2026-07-04T02:05:25.499Z ERROR payment-svc db: connection to postgres-primary:5432 refused (ECONNREFUSED) retry=3
2026-07-04T02:05:26.902Z ERROR payment-svc db: connection to postgres-primary:5432 refused (ECONNREFUSED) retry=4
2026-07-04T02:05:27.392Z ERROR payment-svc db: connection to postgres-primary:5432 refused (ECONNREFUSED) retry=4
2026-07-04T02:05:28.813Z ERROR payment-svc db: connection to postgres-primary:5432 refused (ECONNREFUSED) retry=5
2026-07-04T02:05:29.777Z ERROR payment-svc db: connection to postgres-primary:5432 refused (ECONNREFUSED) retry=4
2026-07-04T02:05:30.258Z ERROR payment-svc db: connection to postgres-primary:5432 refused (ECONNREFUSED) retry=2
2026-07-04T02:05:31.403Z ERROR payment-svc db: connection to postgres-primary:5432 refused (ECONNREFUSED) retry=2
2026-07-04T02:05:32.159Z ERROR payment-svc db: connection to postgres-primary:5432 refused (ECONNREFUSED) retry=5
2026-07-04T02:05:33.853Z ERROR payment-svc db: connection to postgres-primary:5432 refused (ECONNREFUSED) retry=5
2026-07-04T02:05:34.162Z ERROR payment-svc db: connection to postgres-primary:5432 refused (ECONNREFUSED) retry=3
2026-07-04T02:05:35.158Z ERROR payment-svc db: connection to postgres-primary:5432 refused (ECONNREFUSED) retry=1
2026-07-04T02:05:36.698Z ERROR payment-svc db: connection to postgres-primary:5432 refused (ECONNREFUSED) retry=4
2026-07-04T02:05:37.614Z ERROR payment-svc db: connection to postgres-primary:5432 refused (ECONNREFUSED) retry=5
2026-07-04T02:05:38.261Z ERROR payment-svc db: connection to postgres-primary:5432 refused (ECONNREFUSED) retry=1
2026-07-04T02:05:39.620Z ERROR payment-svc db: connection to postgres-primary:5432 refused (ECONNREFUSED) retry=1
2026-07-04T02:05:40.971Z ERROR payment-svc db: connection to postgres-primary:5432 refused (ECONNREFUSED) retry=2
2026-07-04T02:05:41.170Z ERROR payment-svc db: connection to postgres-primary:5432 refused (ECONNREFUSED) retry=5
2026-07-04T02:05:42.169Z ERROR payment-svc db: connection to postgres-primary:5432 refused (ECONNREFUSED) retry=2
2026-07-04T02:05:43.513Z ERROR payment-svc db: connection to postgres-primary:5432 refused (ECONNREFUSED) retry=1
2026-07-04T02:05:44.683Z ERROR payment-svc db: connection to postgres-primary:5432 refused (ECONNREFUSED) retry=2
2026-07-04T02:05:45.692Z ERROR payment-svc db: connection to postgres-primary:5432 refused (ECONNREFUSED) retry=5
2026-07-04T02:05:46.140Z ERROR payment-svc db: connection to postgres-primary:5432 refused (ECONNREFUSED) retry=5
2026-07-04T02:05:47.183Z ERROR payment-svc db: connection to postgres-primary:5432 refused (ECONNREFUSED) retry=4
2026-07-04T02:05:48.773Z ERROR payment-svc db: connection to postgres-primary:5432 refused (ECONNREFUSED) retry=5
2026-07-04T02:05:49.678Z ERROR payment-svc db: connection to postgres-primary:5432 refused (ECONNREFUSED) retry=5
2026-07-04T02:05:50.423Z ERROR payment-svc db: connection to postgres-primary:5432 refused (ECONNREFUSED) retry=3
2026-07-04T02:05:51.309Z ERROR payment-svc db: connection to postgres-primary:5432 refused (ECONNREFUSED) retry=3
2026-07-04T02:05:52.344Z ERROR payment-svc db: connection to postgres-primary:5432 refused (ECONNREFUSED) retry=3
2026-07-04T02:05:53.505Z ERROR payment-svc db: connection to postgres-primary:5432 refused (ECONNREFUSED) retry=2
2026-07-04T02:05:54.787Z ERROR payment-svc db: connection to postgres-primary:5432 refused (ECONNREFUSED) retry=3
2026-07-04T02:05:55.568Z ERROR payment-svc db: connection to postgres-primary:5432 refused (ECONNREFUSED) retry=3
2026-07-04T02:05:56.869Z ERROR payment-svc db: connection to postgres-primary:5432 refused (ECONNREFUSED) retry=1
2026-07-04T02:05:57.109Z ERROR payment-svc db: connection to postgres-primary:5432 refused (ECONNREFUSED) retry=4
2026-07-04T02:05:58.736Z ERROR payment-svc db: connection to postgres-primary:5432 refused (ECONNREFUSED) retry=5
2026-07-04T02:06:00.202Z ERROR payment-svc db: connection to postgres-primary:5432 refused (ECONNREFUSED) retry=1
2026-07-04T02:06:03.650Z ERROR payment-svc db: connection to postgres-primary:5432 refused (ECONNREFUSED) retry=2
2026-07-04T02:06:06.618Z ERROR payment-svc db: connection to postgres-primary:5432 refused (ECONNREFUSED) retry=3
2026-07-04T02:06:09.235Z ERROR payment-svc db: connection to postgres-primary:5432 refused (ECONNREFUSED) retry=3
2026-07-04T02:06:12.170Z ERROR payment-svc db: connection to postgres-primary:5432 refused (ECONNREFUSED) retry=2
2026-07-04T02:06:15.478Z ERROR payment-svc db: connection to postgres-primary:5432 refused (ECONNREFUSED) retry=3
2026-07-04T02:06:18.261Z ERROR payment-svc db: connection to postgres-primary:5432 refused (ECONNREFUSED) retry=4
2026-07-04T02:06:21.953Z ERROR payment-svc db: connection to postgres-primary:5432 refused (ECONNREFUSED) retry=5
2026-07-04T02:06:24.820Z ERROR payment-svc db: connection to postgres-primary:5432 refused (ECONNREFUSED) retry=3
2026-07-04T02:06:27.726Z ERROR payment-svc db: connection to postgres-primary:5432 refused (ECONNREFUSED) retry=5
2026-07-04T02:06:30.108Z ERROR payment-svc db: connection to postgres-primary:5432 refused (ECONNREFUSED) retry=5
2026-07-04T02:06:33.406Z ERROR payment-svc db: connection to postgres-primary:5432 refused (ECONNREFUSED) retry=1
2026-07-04T02:06:36.999Z ERROR payment-svc db: connection to postgres-primary:5432 refused (ECONNREFUSED) retry=2
2026-07-04T02:06:39.370Z ERROR payment-svc db: connection to postgres-primary:5432 refused (ECONNREFUSED) retry=1
2026-07-04T02:06:42.209Z ERROR payment-svc db: connection to postgres-primary:5432 refused (ECONNREFUSED) retry=5
2026-07-04T02:06:45.259Z ERROR payment-svc db: connection to postgres-primary:5432 refused (ECONNREFUSED) retry=3
2026-07-04T02:06:48.388Z ERROR payment-svc db: connection to postgres-primary:5432 refused (ECONNREFUSED) retry=5
2026-07-04T02:06:51.315Z ERROR payment-svc db: connection to postgres-primary:5432 refused (ECONNREFUSED) retry=3
2026-07-04T02:06:54.308Z ERROR payment-svc db: connection to postgres-primary:5432 refused (ECONNREFUSED) retry=3
2026-07-04T02:06:57.617Z ERROR payment-svc db: connection to postgres-primary:5432 refused (ECONNREFUSED) retry=4
2026-07-04T02:07:03.357Z WARN  k8s  pod payment-svc-6d9f-x2k1 memory usage 96% of limit (2Gi)
2026-07-04T02:07:09.966Z ERROR k8s  pod payment-svc-6d9f-x2k1 OOMKilled (exit code 137), restarting container
2026-07-04T02:07:15.152Z ERROR payment-svc Out of memory: Killed process 1 (python)
2026-07-04T02:08:05.194Z ERROR orders-svc Traceback (most recent call last):
  File "/app/orders/handlers.py", line 88, in create_order
    total = items['price'] * qty
KeyError: 'price'
2026-07-04T02:09:00.749Z INFO  orders-svc request completed status=200 latency_ms=47
2026-07-04T02:09:01.145Z INFO  api-gw request completed status=200 latency_ms=54
2026-07-04T02:09:02.889Z INFO  payment-svc request completed status=200 latency_ms=45
2026-07-04T02:09:03.265Z INFO  orders-svc request completed status=200 latency_ms=82
2026-07-04T02:09:04.822Z INFO  orders-svc request completed status=200 latency_ms=83
2026-07-04T02:09:05.109Z INFO  api-gw request completed status=200 latency_ms=21
2026-07-04T02:09:06.807Z INFO  payment-svc request completed status=200 latency_ms=81
2026-07-04T02:09:07.136Z INFO  auth-svc request completed status=200 latency_ms=86
2026-07-04T02:09:08.665Z INFO  payment-svc request completed status=200 latency_ms=67
2026-07-04T02:09:09.230Z INFO  api-gw request completed status=200 latency_ms=51
2026-07-04T02:09:10.473Z INFO  api-gw request completed status=200 latency_ms=57
2026-07-04T02:09:11.315Z INFO  payment-svc request completed status=200 latency_ms=25
2026-07-04T02:09:12.462Z INFO  orders-svc request completed status=200 latency_ms=31
2026-07-04T02:09:13.342Z INFO  payment-svc request completed status=200 latency_ms=34
2026-07-04T02:09:14.522Z INFO  api-gw request completed status=200 latency_ms=34
2026-07-04T02:09:15.854Z INFO  auth-svc request completed status=200 latency_ms=64
2026-07-04T02:09:16.921Z INFO  payment-svc request completed status=200 latency_ms=46
2026-07-04T02:09:17.263Z INFO  api-gw request completed status=200 latency_ms=60
2026-07-04T02:09:18.993Z INFO  api-gw request completed status=200 latency_ms=72
2026-07-04T02:09:19.327Z INFO  payment-svc request completed status=200 latency_ms=70
2026-07-04T02:09:20.458Z INFO  auth-svc request completed status=200 latency_ms=41
2026-07-04T02:09:21.328Z INFO  api-gw request completed status=200 latency_ms=36
2026-07-04T02:09:22.508Z INFO  auth-svc request completed status=200 latency_ms=47
2026-07-04T02:09:23.985Z INFO  api-gw request completed status=200 latency_ms=47
2026-07-04T02:09:24.459Z INFO  orders-svc request completed status=200 latency_ms=80
2026-07-04T02:09:25.439Z INFO  api-gw request completed status=200 latency_ms=26
2026-07-04T02:09:26.998Z INFO  auth-svc request completed status=200 latency_ms=34
2026-07-04T02:09:27.694Z INFO  auth-svc request completed status=200 latency_ms=16
2026-07-04T02:09:28.211Z INFO  orders-svc request completed status=200 latency_ms=56
2026-07-04T02:09:29.846Z INFO  auth-svc request completed status=200 latency_ms=67
2026-07-04T02:09:30.720Z INFO  api-gw request completed status=200 latency_ms=61
2026-07-04T02:09:31.690Z INFO  payment-svc request completed status=200 latency_ms=44
2026-07-04T02:09:32.145Z INFO  orders-svc request completed status=200 latency_ms=12
2026-07-04T02:09:33.632Z INFO  payment-svc request completed status=200 latency_ms=58
2026-07-04T02:09:34.541Z INFO  api-gw request completed status=200 latency_ms=54
2026-07-04T02:09:35.738Z INFO  auth-svc request completed status=200 latency_ms=27
2026-07-04T02:09:36.837Z INFO  auth-svc request completed status=200 latency_ms=76
2026-07-04T02:09:37.416Z INFO  orders-svc request completed status=200 latency_ms=53
2026-07-04T02:09:38.512Z INFO  auth-svc request completed status=200 latency_ms=82
2026-07-04T02:09:39.230Z INFO  payment-svc request completed status=200 latency_ms=65